<?xml version="1.0" encoding="UTF-8"?>
<!-- Generated by org.testng.reporters.JUnitReportReporter -->
<testsuite hostname="Athiras-magic-pc" failures="0" tests="1" name="testScript.LoginTest" time="6.089" errors="0" timestamp="2024-07-10T11:43:03 IST" skipped="0">
  <testcase classname="testScript.LoginTest" name="verifyTheUserIsAbleToLoginUsingValidCredentials" time="6.089"/>
</testsuite> <!-- testScript.LoginTest -->
